<?xml version="1.0" encoding="UTF-8"?>
<!-- Generated by org.testng.reporters.JUnitReportReporter -->
<testsuite skipped="0" hostname="Manju" name="com.saucedemo.AppTest" tests="1" failures="0" timestamp="2023-05-07T20:33:26 BST" time="0.002" errors="0">
  <testcase name="testApp" time="0.002" classname="com.saucedemo.AppTest"/>
  <system-out/>
</testsuite> <!-- com.saucedemo.AppTest -->
